<?xml version="1.0" encoding="UTF-8"?>
<!-- Generated by org.testng.reporters.JUnitXMLReporter -->
<testsuite ignored="2" hostname="DESKTOP-2EV7Q03" failures="0" tests="1" name="FireFox_Test" time="9.276" errors="0" timestamp="2026-02-19T20:47:12 IST">
  <testcase classname="com.test.LoginTest" name="validateLoginFunctionalitywithUsernameAndPasswordEmpty" time="0.269"/>
  <testcase classname="com.test.LoginTest" name="validateLoginFunctionalityWithInvalidCredentials" time="0.0">
    <ignored/>
  </testcase> <!-- validateLoginFunctionalityWithInvalidCredentials -->
  <testcase classname="com.test.LoginTest" name="validateLoginFunctionalityWithValidCredentials" time="0.0">
    <ignored/>
  </testcase> <!-- validateLoginFunctionalityWithValidCredentials -->
</testsuite> <!-- FireFox_Test -->
