<?xml version="1.0" encoding="UTF-8"?>
<testng-results ignored="0" total="1" passed="1" failed="0" skipped="0">
  <reporter-output>
  </reporter-output>
  <suite started-at="2026-02-27T13:35:22 IST" name="All Test Suite" finished-at="2026-02-27T13:35:28 IST" duration-ms="6283">
    <groups>
    </groups>
    <test started-at="2026-02-27T13:35:22 IST" name="Chrome_Test" finished-at="2026-02-27T13:35:28 IST" duration-ms="6283">
      <class name="com.test.AddToCartTest">
        <test-method is-config="true" signature="setup(java.lang.reflect.Method,java.lang.String)[pri:0, instance:com.test.AddToCartTest@551a20d6]" started-at="2026-02-27T13:35:22 IST" name="setup" finished-at="2026-02-27T13:35:24 IST" duration-ms="2613" status="PASS">
          <params>
            <param index="0">
              <value>
                <![CDATA[public void com.test.AddToCartTest.validateAddedItemsToCart() throws java.lang.InterruptedException]]>
              </value>
            </param>
            <param index="1">
              <value>
                <![CDATA[chrome]]>
              </value>
            </param>
          </params>
          <reporter-output>
          </reporter-output>
        </test-method> <!-- setup -->
        <test-method signature="validateAddedItemsToCart()[pri:0, instance:com.test.AddToCartTest@551a20d6]" started-at="2026-02-27T13:35:24 IST" name="validateAddedItemsToCart" finished-at="2026-02-27T13:35:28 IST" duration-ms="3449" status="PASS">
          <reporter-output>
          </reporter-output>
        </test-method> <!-- validateAddedItemsToCart -->
        <test-method is-config="true" signature="tearDown()[pri:0, instance:com.test.AddToCartTest@551a20d6]" started-at="2026-02-27T13:35:28 IST" name="tearDown" finished-at="2026-02-27T13:35:28 IST" duration-ms="184" status="PASS">
          <reporter-output>
          </reporter-output>
        </test-method> <!-- tearDown -->
      </class> <!-- com.test.AddToCartTest -->
    </test> <!-- Chrome_Test -->
  </suite> <!-- All Test Suite -->
</testng-results>
