<?xml version="1.0" encoding="UTF-8"?>
<!-- Generated by org.testng.reporters.JUnitReportReporter -->
<testsuite hostname="DESKTOP-2EV7Q03" failures="0" tests="4" name="com.test.LoginTest" time="12.358" errors="0" timestamp="2026-02-19T21:53:48 IST" skipped="0">
  <testcase classname="com.test.LoginTest" name="validateLoginFunctionalitywithUsernameAndPasswordEmpty" time="1.583"/>
  <testcase classname="com.test.LoginTest" name="validateLoginFunctionalityWithValidCredentials" time="7.373"/>
  <testcase classname="com.test.LoginTest" name="validateLoginFunctionalityWithLockedUser" time="1.768"/>
  <testcase classname="com.test.LoginTest" name="validateLoginFunctionalityWithInvalidCredentials" time="1.634"/>
</testsuite> <!-- com.test.LoginTest -->
